{"C:\\enigma-frontend\\challenge-07-06-2025\\challenge-hooks\\src\\App.jsx": {"path":"C:\\enigma-frontend\\challenge-07-06-2025\\challenge-hooks\\src\\App.jsx","all":true,"statementMap":{"0":{"start":{"line":1,"column":0},"end":{"line":1,"column":25}},"2":{"start":{"line":3,"column":0},"end":{"line":3,"column":19}},"3":{"start":{"line":4,"column":0},"end":{"line":4,"column":10}},"4":{"start":{"line":5,"column":0},"end":{"line":5,"column":6}},"5":{"start":{"line":6,"column":0},"end":{"line":6,"column":47}},"10":{"start":{"line":11,"column":0},"end":{"line":11,"column":1}},"12":{"start":{"line":13,"column":0},"end":{"line":13,"column":18}}},"s":{"0":0,"2":0,"3":0,"4":0,"5":0,"10":0,"12":0},"branchMap":{"0":{"type":"branch","line":1,"loc":{"start":{"line":1,"column":179},"end":{"line":13,"column":18}},"locations":[{"start":{"line":1,"column":179},"end":{"line":13,"column":18}}]}},"b":{"0":[0]},"fnMap":{"0":{"name":"(empty-report)","decl":{"start":{"line":1,"column":179},"end":{"line":13,"column":18}},"loc":{"start":{"line":1,"column":179},"end":{"line":13,"column":18}},"line":1}},"f":{"0":0}}
,"C:\\enigma-frontend\\challenge-07-06-2025\\challenge-hooks\\src\\main.jsx": {"path":"C:\\enigma-frontend\\challenge-07-06-2025\\challenge-hooks\\src\\main.jsx","all":true,"statementMap":{"0":{"start":{"line":1,"column":0},"end":{"line":1,"column":34}},"1":{"start":{"line":2,"column":0},"end":{"line":2,"column":45}},"2":{"start":{"line":3,"column":0},"end":{"line":3,"column":20}},"3":{"start":{"line":4,"column":0},"end":{"line":4,"column":27}},"5":{"start":{"line":6,"column":0},"end":{"line":6,"column":51}},"6":{"start":{"line":7,"column":0},"end":{"line":7,"column":4}},"7":{"start":{"line":8,"column":0},"end":{"line":8,"column":11}}},"s":{"0":0,"1":0,"2":0,"3":0,"5":0,"6":0,"7":0},"branchMap":{"0":{"type":"branch","line":1,"loc":{"start":{"line":1,"column":208},"end":{"line":10,"column":1}},"locations":[{"start":{"line":1,"column":208},"end":{"line":10,"column":1}}]}},"b":{"0":[0]},"fnMap":{"0":{"name":"(empty-report)","decl":{"start":{"line":1,"column":208},"end":{"line":10,"column":1}},"loc":{"start":{"line":1,"column":208},"end":{"line":10,"column":1}},"line":1}},"f":{"0":0}}
,"C:\\enigma-frontend\\challenge-07-06-2025\\challenge-hooks\\src\\new\\App.jsx": {"path":"C:\\enigma-frontend\\challenge-07-06-2025\\challenge-hooks\\src\\new\\App.jsx","all":true,"statementMap":{"0":{"start":{"line":1,"column":0},"end":{"line":1,"column":25}},"1":{"start":{"line":2,"column":0},"end":{"line":2,"column":49}},"2":{"start":{"line":3,"column":0},"end":{"line":3,"column":51}},"3":{"start":{"line":4,"column":0},"end":{"line":4,"column":44}},"4":{"start":{"line":5,"column":0},"end":{"line":5,"column":45}},"7":{"start":{"line":8,"column":0},"end":{"line":8,"column":50}},"8":{"start":{"line":9,"column":0},"end":{"line":9,"column":19}},"9":{"start":{"line":10,"column":0},"end":{"line":10,"column":76}},"11":{"start":{"line":12,"column":0},"end":{"line":12,"column":10}},"12":{"start":{"line":13,"column":0},"end":{"line":13,"column":46}},"13":{"start":{"line":14,"column":0},"end":{"line":14,"column":70}},"14":{"start":{"line":15,"column":0},"end":{"line":15,"column":59}},"15":{"start":{"line":16,"column":0},"end":{"line":16,"column":47}},"16":{"start":{"line":17,"column":0},"end":{"line":17,"column":81}},"19":{"start":{"line":20,"column":0},"end":{"line":20,"column":43}},"21":{"start":{"line":22,"column":0},"end":{"line":22,"column":30}},"22":{"start":{"line":23,"column":0},"end":{"line":23,"column":31}},"23":{"start":{"line":24,"column":0},"end":{"line":24,"column":25}},"24":{"start":{"line":25,"column":0},"end":{"line":25,"column":35}},"25":{"start":{"line":26,"column":0},"end":{"line":26,"column":35}},"31":{"start":{"line":32,"column":0},"end":{"line":32,"column":1}},"33":{"start":{"line":34,"column":0},"end":{"line":34,"column":19}}},"s":{"0":0,"1":0,"2":0,"3":0,"4":0,"7":0,"8":0,"9":0,"11":0,"12":0,"13":0,"14":0,"15":0,"16":0,"19":0,"21":0,"22":0,"23":0,"24":0,"25":0,"31":0,"33":0},"branchMap":{"0":{"type":"branch","line":1,"loc":{"start":{"line":1,"column":996},"end":{"line":34,"column":19}},"locations":[{"start":{"line":1,"column":996},"end":{"line":34,"column":19}}]}},"b":{"0":[0]},"fnMap":{"0":{"name":"(empty-report)","decl":{"start":{"line":1,"column":996},"end":{"line":34,"column":19}},"loc":{"start":{"line":1,"column":996},"end":{"line":34,"column":19}},"line":1}},"f":{"0":0}}
,"C:\\enigma-frontend\\challenge-07-06-2025\\challenge-hooks\\src\\new\\main.jsx": {"path":"C:\\enigma-frontend\\challenge-07-06-2025\\challenge-hooks\\src\\new\\main.jsx","all":true,"statementMap":{"0":{"start":{"line":1,"column":0},"end":{"line":1,"column":34}},"1":{"start":{"line":2,"column":0},"end":{"line":2,"column":45}},"2":{"start":{"line":3,"column":0},"end":{"line":3,"column":20}},"3":{"start":{"line":4,"column":0},"end":{"line":4,"column":27}},"5":{"start":{"line":6,"column":0},"end":{"line":6,"column":51}},"6":{"start":{"line":7,"column":0},"end":{"line":7,"column":4}},"7":{"start":{"line":8,"column":0},"end":{"line":8,"column":11}}},"s":{"0":0,"1":0,"2":0,"3":0,"5":0,"6":0,"7":0},"branchMap":{"0":{"type":"branch","line":1,"loc":{"start":{"line":1,"column":208},"end":{"line":10,"column":1}},"locations":[{"start":{"line":1,"column":208},"end":{"line":10,"column":1}}]}},"b":{"0":[0]},"fnMap":{"0":{"name":"(empty-report)","decl":{"start":{"line":1,"column":208},"end":{"line":10,"column":1}},"loc":{"start":{"line":1,"column":208},"end":{"line":10,"column":1}},"line":1}},"f":{"0":0}}
,"C:\\enigma-frontend\\challenge-07-06-2025\\challenge-hooks\\src\\new\\components\\AddTodoForm.jsx": {"path":"C:\\enigma-frontend\\challenge-07-06-2025\\challenge-hooks\\src\\new\\components\\AddTodoForm.jsx","all":false,"statementMap":{"0":{"start":{"line":1,"column":0},"end":{"line":1,"column":40}},"2":{"start":{"line":3,"column":0},"end":{"line":3,"column":38}},"3":{"start":{"line":4,"column":0},"end":{"line":4,"column":43}},"5":{"start":{"line":6,"column":0},"end":{"line":6,"column":33}},"6":{"start":{"line":7,"column":0},"end":{"line":7,"column":27}},"7":{"start":{"line":8,"column":0},"end":{"line":8,"column":34}},"8":{"start":{"line":9,"column":0},"end":{"line":9,"column":19}},"9":{"start":{"line":10,"column":0},"end":{"line":10,"column":9}},"10":{"start":{"line":11,"column":0},"end":{"line":11,"column":23}},"11":{"start":{"line":12,"column":0},"end":{"line":12,"column":21}},"12":{"start":{"line":13,"column":0},"end":{"line":13,"column":6}},"14":{"start":{"line":15,"column":0},"end":{"line":15,"column":12}},"15":{"start":{"line":16,"column":0},"end":{"line":16,"column":55}},"16":{"start":{"line":17,"column":0},"end":{"line":17,"column":34}},"17":{"start":{"line":18,"column":0},"end":{"line":18,"column":22}},"18":{"start":{"line":19,"column":0},"end":{"line":19,"column":31}},"19":{"start":{"line":20,"column":0},"end":{"line":20,"column":33}},"20":{"start":{"line":21,"column":0},"end":{"line":21,"column":62}},"21":{"start":{"line":22,"column":0},"end":{"line":22,"column":81}},"23":{"start":{"line":24,"column":0},"end":{"line":24,"column":23}},"24":{"start":{"line":25,"column":0},"end":{"line":25,"column":33}},"25":{"start":{"line":26,"column":0},"end":{"line":26,"column":113}},"26":{"start":{"line":27,"column":0},"end":{"line":27,"column":17}},"32":{"start":{"line":33,"column":0},"end":{"line":33,"column":2}},"34":{"start":{"line":35,"column":0},"end":{"line":35,"column":27}}},"s":{"0":1,"2":1,"3":9,"5":9,"6":3,"7":3,"8":2,"9":2,"10":1,"11":1,"12":1,"14":9,"15":9,"16":9,"17":9,"18":9,"19":9,"20":9,"21":9,"23":9,"24":9,"25":9,"26":9,"32":9,"34":1},"branchMap":{"0":{"type":"branch","line":3,"loc":{"start":{"line":3,"column":20},"end":{"line":33,"column":2}},"locations":[{"start":{"line":3,"column":20},"end":{"line":33,"column":2}}]},"1":{"type":"branch","line":6,"loc":{"start":{"line":6,"column":25},"end":{"line":13,"column":6}},"locations":[{"start":{"line":6,"column":25},"end":{"line":13,"column":6}}]},"2":{"type":"branch","line":8,"loc":{"start":{"line":8,"column":33},"end":{"line":10,"column":9}},"locations":[{"start":{"line":8,"column":33},"end":{"line":10,"column":9}}]},"3":{"type":"branch","line":10,"loc":{"start":{"line":10,"column":8},"end":{"line":13,"column":6}},"locations":[{"start":{"line":10,"column":8},"end":{"line":13,"column":6}}]},"4":{"type":"branch","line":21,"loc":{"start":{"line":21,"column":30},"end":{"line":21,"column":62}},"locations":[{"start":{"line":21,"column":30},"end":{"line":21,"column":62}}]}},"b":{"0":[9],"1":[3],"2":[2],"3":[1],"4":[4]},"fnMap":{"0":{"name":"AddTodoForm","decl":{"start":{"line":3,"column":20},"end":{"line":33,"column":2}},"loc":{"start":{"line":3,"column":20},"end":{"line":33,"column":2}},"line":3},"1":{"name":"handleSubmit","decl":{"start":{"line":6,"column":25},"end":{"line":13,"column":6}},"loc":{"start":{"line":6,"column":25},"end":{"line":13,"column":6}},"line":6},"2":{"name":"onChange","decl":{"start":{"line":21,"column":30},"end":{"line":21,"column":62}},"loc":{"start":{"line":21,"column":30},"end":{"line":21,"column":62}},"line":21}},"f":{"0":9,"1":3,"2":4}}
,"C:\\enigma-frontend\\challenge-07-06-2025\\challenge-hooks\\src\\new\\components\\LoadingSpinner.jsx": {"path":"C:\\enigma-frontend\\challenge-07-06-2025\\challenge-hooks\\src\\new\\components\\LoadingSpinner.jsx","all":false,"statementMap":{"0":{"start":{"line":1,"column":0},"end":{"line":1,"column":26}},"2":{"start":{"line":3,"column":0},"end":{"line":3,"column":30}},"3":{"start":{"line":4,"column":0},"end":{"line":4,"column":89}},"4":{"start":{"line":5,"column":0},"end":{"line":5,"column":106}},"8":{"start":{"line":9,"column":0},"end":{"line":9,"column":30}}},"s":{"0":1,"2":1,"3":1,"4":1,"8":1},"branchMap":{},"b":{},"fnMap":{},"f":{}}
,"C:\\enigma-frontend\\challenge-07-06-2025\\challenge-hooks\\src\\new\\components\\TodoItem.jsx": {"path":"C:\\enigma-frontend\\challenge-07-06-2025\\challenge-hooks\\src\\new\\components\\TodoItem.jsx","all":false,"statementMap":{"0":{"start":{"line":1,"column":0},"end":{"line":1,"column":26}},"2":{"start":{"line":3,"column":0},"end":{"line":3,"column":56}},"3":{"start":{"line":4,"column":0},"end":{"line":4,"column":32}},"4":{"start":{"line":5,"column":0},"end":{"line":5,"column":60}},"5":{"start":{"line":6,"column":0},"end":{"line":6,"column":6}},"7":{"start":{"line":8,"column":0},"end":{"line":8,"column":32}},"8":{"start":{"line":9,"column":0},"end":{"line":9,"column":28}},"9":{"start":{"line":10,"column":0},"end":{"line":10,"column":6}},"11":{"start":{"line":12,"column":0},"end":{"line":12,"column":12}},"12":{"start":{"line":13,"column":0},"end":{"line":13,"column":104}},"13":{"start":{"line":14,"column":0},"end":{"line":14,"column":47}},"14":{"start":{"line":15,"column":0},"end":{"line":15,"column":22}},"15":{"start":{"line":16,"column":0},"end":{"line":16,"column":35}},"16":{"start":{"line":17,"column":0},"end":{"line":17,"column":44}},"17":{"start":{"line":18,"column":0},"end":{"line":18,"column":43}},"18":{"start":{"line":19,"column":0},"end":{"line":19,"column":96}},"20":{"start":{"line":21,"column":0},"end":{"line":21,"column":116}},"21":{"start":{"line":22,"column":0},"end":{"line":22,"column":32}},"24":{"start":{"line":25,"column":0},"end":{"line":25,"column":19}},"25":{"start":{"line":26,"column":0},"end":{"line":26,"column":38}},"26":{"start":{"line":27,"column":0},"end":{"line":27,"column":73}},"27":{"start":{"line":28,"column":0},"end":{"line":28,"column":13}},"32":{"start":{"line":33,"column":0},"end":{"line":33,"column":2}},"34":{"start":{"line":35,"column":0},"end":{"line":35,"column":24}}},"s":{"0":1,"2":1,"3":5,"4":1,"5":1,"7":5,"8":1,"9":1,"11":5,"12":5,"13":5,"14":5,"15":5,"16":5,"17":5,"18":5,"20":5,"21":5,"24":5,"25":5,"26":5,"27":5,"32":5,"34":1},"branchMap":{"0":{"type":"branch","line":3,"loc":{"start":{"line":3,"column":17},"end":{"line":33,"column":2}},"locations":[{"start":{"line":3,"column":17},"end":{"line":33,"column":2}}]},"1":{"type":"branch","line":21,"loc":{"start":{"line":21,"column":63},"end":{"line":21,"column":97}},"locations":[{"start":{"line":21,"column":63},"end":{"line":21,"column":97}}]},"2":{"type":"branch","line":21,"loc":{"start":{"line":21,"column":66},"end":{"line":21,"column":114}},"locations":[{"start":{"line":21,"column":66},"end":{"line":21,"column":114}}]},"3":{"type":"branch","line":4,"loc":{"start":{"line":4,"column":25},"end":{"line":6,"column":6}},"locations":[{"start":{"line":4,"column":25},"end":{"line":6,"column":6}}]},"4":{"type":"branch","line":8,"loc":{"start":{"line":8,"column":25},"end":{"line":10,"column":6}},"locations":[{"start":{"line":8,"column":25},"end":{"line":10,"column":6}}]}},"b":{"0":[5],"1":[1],"2":[4],"3":[1],"4":[1]},"fnMap":{"0":{"name":"TodoItem","decl":{"start":{"line":3,"column":17},"end":{"line":33,"column":2}},"loc":{"start":{"line":3,"column":17},"end":{"line":33,"column":2}},"line":3},"1":{"name":"handleToggle","decl":{"start":{"line":4,"column":25},"end":{"line":6,"column":6}},"loc":{"start":{"line":4,"column":25},"end":{"line":6,"column":6}},"line":4},"2":{"name":"handleDelete","decl":{"start":{"line":8,"column":25},"end":{"line":10,"column":6}},"loc":{"start":{"line":8,"column":25},"end":{"line":10,"column":6}},"line":8}},"f":{"0":5,"1":1,"2":1}}
,"C:\\enigma-frontend\\challenge-07-06-2025\\challenge-hooks\\src\\new\\components\\TodoList.jsx": {"path":"C:\\enigma-frontend\\challenge-07-06-2025\\challenge-hooks\\src\\new\\components\\TodoList.jsx","all":false,"statementMap":{"0":{"start":{"line":1,"column":0},"end":{"line":1,"column":26}},"1":{"start":{"line":2,"column":0},"end":{"line":2,"column":34}},"3":{"start":{"line":4,"column":0},"end":{"line":4,"column":57}},"4":{"start":{"line":5,"column":0},"end":{"line":5,"column":12}},"5":{"start":{"line":6,"column":0},"end":{"line":6,"column":12}},"6":{"start":{"line":7,"column":0},"end":{"line":7,"column":32}},"7":{"start":{"line":8,"column":0},"end":{"line":8,"column":25}},"8":{"start":{"line":9,"column":0},"end":{"line":9,"column":33}},"9":{"start":{"line":10,"column":0},"end":{"line":10,"column":31}},"10":{"start":{"line":11,"column":0},"end":{"line":11,"column":43}},"11":{"start":{"line":12,"column":0},"end":{"line":12,"column":43}},"16":{"start":{"line":17,"column":0},"end":{"line":17,"column":2}},"18":{"start":{"line":19,"column":0},"end":{"line":19,"column":24}}},"s":{"0":1,"1":1,"3":1,"4":2,"5":2,"6":2,"7":2,"8":2,"9":2,"10":2,"11":2,"16":2,"18":1},"branchMap":{"0":{"type":"branch","line":4,"loc":{"start":{"line":4,"column":17},"end":{"line":17,"column":2}},"locations":[{"start":{"line":4,"column":17},"end":{"line":17,"column":2}}]}},"b":{"0":[2]},"fnMap":{"0":{"name":"TodoList","decl":{"start":{"line":4,"column":17},"end":{"line":17,"column":2}},"loc":{"start":{"line":4,"column":17},"end":{"line":17,"column":2}},"line":4}},"f":{"0":2}}
,"C:\\enigma-frontend\\challenge-07-06-2025\\challenge-hooks\\src\\new\\hoc\\withLoading.jsx": {"path":"C:\\enigma-frontend\\challenge-07-06-2025\\challenge-hooks\\src\\new\\hoc\\withLoading.jsx","all":false,"statementMap":{"0":{"start":{"line":1,"column":0},"end":{"line":1,"column":26}},"1":{"start":{"line":2,"column":0},"end":{"line":2,"column":58}},"3":{"start":{"line":4,"column":0},"end":{"line":4,"column":43}},"4":{"start":{"line":5,"column":0},"end":{"line":5,"column":63}},"5":{"start":{"line":6,"column":0},"end":{"line":6,"column":24}},"6":{"start":{"line":7,"column":0},"end":{"line":7,"column":38}},"7":{"start":{"line":8,"column":0},"end":{"line":8,"column":9}},"8":{"start":{"line":9,"column":0},"end":{"line":9,"column":111}},"9":{"start":{"line":10,"column":0},"end":{"line":10,"column":47}},"10":{"start":{"line":11,"column":0},"end":{"line":11,"column":6}},"12":{"start":{"line":13,"column":0},"end":{"line":13,"column":32}},"13":{"start":{"line":14,"column":0},"end":{"line":14,"column":2}},"15":{"start":{"line":16,"column":0},"end":{"line":16,"column":27}}},"s":{"0":1,"1":1,"3":1,"4":1,"5":3,"6":1,"7":1,"8":2,"9":2,"10":2,"12":1,"13":1,"15":1},"branchMap":{"0":{"type":"branch","line":4,"loc":{"start":{"line":4,"column":20},"end":{"line":14,"column":2}},"locations":[{"start":{"line":4,"column":20},"end":{"line":14,"column":2}}]},"1":{"type":"branch","line":5,"loc":{"start":{"line":5,"column":33},"end":{"line":11,"column":6}},"locations":[{"start":{"line":5,"column":33},"end":{"line":11,"column":6}}]},"2":{"type":"branch","line":6,"loc":{"start":{"line":6,"column":23},"end":{"line":8,"column":9}},"locations":[{"start":{"line":6,"column":23},"end":{"line":8,"column":9}}]},"3":{"type":"branch","line":8,"loc":{"start":{"line":8,"column":8},"end":{"line":11,"column":6}},"locations":[{"start":{"line":8,"column":8},"end":{"line":11,"column":6}}]}},"b":{"0":[1],"1":[3],"2":[1],"3":[2]},"fnMap":{"0":{"name":"withLoading","decl":{"start":{"line":4,"column":20},"end":{"line":14,"column":2}},"loc":{"start":{"line":4,"column":20},"end":{"line":14,"column":2}},"line":4},"1":{"name":"WithLoadingComponent","decl":{"start":{"line":5,"column":33},"end":{"line":11,"column":6}},"loc":{"start":{"line":5,"column":33},"end":{"line":11,"column":6}},"line":5}},"f":{"0":1,"1":3}}
,"C:\\enigma-frontend\\challenge-07-06-2025\\challenge-hooks\\src\\new\\hooks\\useTodoApi.jsx": {"path":"C:\\enigma-frontend\\challenge-07-06-2025\\challenge-hooks\\src\\new\\hooks\\useTodoApi.jsx","all":false,"statementMap":{"0":{"start":{"line":1,"column":0},"end":{"line":1,"column":57}},"1":{"start":{"line":2,"column":0},"end":{"line":2,"column":31}},"3":{"start":{"line":4,"column":0},"end":{"line":4,"column":62}},"5":{"start":{"line":6,"column":0},"end":{"line":6,"column":34}},"6":{"start":{"line":7,"column":0},"end":{"line":7,"column":43}},"7":{"start":{"line":8,"column":0},"end":{"line":8,"column":49}},"9":{"start":{"line":10,"column":0},"end":{"line":10,"column":21}},"10":{"start":{"line":11,"column":0},"end":{"line":11,"column":40}},"11":{"start":{"line":12,"column":0},"end":{"line":12,"column":29}},"12":{"start":{"line":13,"column":0},"end":{"line":13,"column":17}},"13":{"start":{"line":14,"column":0},"end":{"line":14,"column":70}},"14":{"start":{"line":15,"column":0},"end":{"line":15,"column":51}},"15":{"start":{"line":16,"column":0},"end":{"line":16,"column":31}},"16":{"start":{"line":17,"column":0},"end":{"line":17,"column":29}},"17":{"start":{"line":18,"column":0},"end":{"line":18,"column":57}},"18":{"start":{"line":19,"column":0},"end":{"line":19,"column":27}},"19":{"start":{"line":20,"column":0},"end":{"line":20,"column":34}},"20":{"start":{"line":21,"column":0},"end":{"line":21,"column":37}},"21":{"start":{"line":22,"column":0},"end":{"line":22,"column":46}},"22":{"start":{"line":23,"column":0},"end":{"line":23,"column":19}},"23":{"start":{"line":24,"column":0},"end":{"line":24,"column":23}},"24":{"start":{"line":25,"column":0},"end":{"line":25,"column":34}},"25":{"start":{"line":26,"column":0},"end":{"line":26,"column":13}},"26":{"start":{"line":27,"column":0},"end":{"line":27,"column":10}},"28":{"start":{"line":29,"column":0},"end":{"line":29,"column":21}},"29":{"start":{"line":30,"column":0},"end":{"line":30,"column":11}},"31":{"start":{"line":32,"column":0},"end":{"line":32,"column":50}},"32":{"start":{"line":33,"column":0},"end":{"line":33,"column":13}},"33":{"start":{"line":34,"column":0},"end":{"line":34,"column":52}},"34":{"start":{"line":35,"column":0},"end":{"line":35,"column":31}},"35":{"start":{"line":36,"column":0},"end":{"line":36,"column":38}},"36":{"start":{"line":37,"column":0},"end":{"line":37,"column":33}},"37":{"start":{"line":38,"column":0},"end":{"line":38,"column":30}},"38":{"start":{"line":39,"column":0},"end":{"line":39,"column":37}},"39":{"start":{"line":40,"column":0},"end":{"line":40,"column":19}},"40":{"start":{"line":41,"column":0},"end":{"line":41,"column":26}},"41":{"start":{"line":42,"column":0},"end":{"line":42,"column":70}},"42":{"start":{"line":43,"column":0},"end":{"line":43,"column":18}},"43":{"start":{"line":44,"column":0},"end":{"line":44,"column":15}},"44":{"start":{"line":45,"column":0},"end":{"line":45,"column":50}},"45":{"start":{"line":46,"column":0},"end":{"line":46,"column":59}},"47":{"start":{"line":48,"column":0},"end":{"line":48,"column":23}},"48":{"start":{"line":49,"column":0},"end":{"line":49,"column":32}},"49":{"start":{"line":50,"column":0},"end":{"line":50,"column":34}},"50":{"start":{"line":51,"column":0},"end":{"line":51,"column":46}},"51":{"start":{"line":52,"column":0},"end":{"line":52,"column":41}},"52":{"start":{"line":53,"column":0},"end":{"line":53,"column":15}},"54":{"start":{"line":55,"column":0},"end":{"line":55,"column":25}},"55":{"start":{"line":56,"column":0},"end":{"line":56,"column":55}},"56":{"start":{"line":57,"column":0},"end":{"line":57,"column":23}},"57":{"start":{"line":58,"column":0},"end":{"line":58,"column":30}},"58":{"start":{"line":59,"column":0},"end":{"line":59,"column":31}},"59":{"start":{"line":60,"column":0},"end":{"line":60,"column":43}},"60":{"start":{"line":61,"column":0},"end":{"line":61,"column":15}},"61":{"start":{"line":62,"column":0},"end":{"line":62,"column":9}},"62":{"start":{"line":63,"column":0},"end":{"line":63,"column":11}},"64":{"start":{"line":65,"column":0},"end":{"line":65,"column":63}},"65":{"start":{"line":66,"column":0},"end":{"line":66,"column":13}},"66":{"start":{"line":67,"column":0},"end":{"line":67,"column":46}},"67":{"start":{"line":68,"column":0},"end":{"line":68,"column":30}},"68":{"start":{"line":69,"column":0},"end":{"line":69,"column":50}},"69":{"start":{"line":70,"column":0},"end":{"line":70,"column":26}},"70":{"start":{"line":71,"column":0},"end":{"line":71,"column":70}},"71":{"start":{"line":72,"column":0},"end":{"line":72,"column":18}},"72":{"start":{"line":73,"column":0},"end":{"line":73,"column":15}},"73":{"start":{"line":74,"column":0},"end":{"line":74,"column":33}},"74":{"start":{"line":75,"column":0},"end":{"line":75,"column":92}},"76":{"start":{"line":77,"column":0},"end":{"line":77,"column":25}},"77":{"start":{"line":78,"column":0},"end":{"line":78,"column":59}},"78":{"start":{"line":79,"column":0},"end":{"line":79,"column":9}},"79":{"start":{"line":80,"column":0},"end":{"line":80,"column":11}},"81":{"start":{"line":82,"column":0},"end":{"line":82,"column":50}},"82":{"start":{"line":83,"column":0},"end":{"line":83,"column":26}},"83":{"start":{"line":84,"column":0},"end":{"line":84,"column":35}},"84":{"start":{"line":85,"column":0},"end":{"line":85,"column":54}},"85":{"start":{"line":86,"column":0},"end":{"line":86,"column":28}},"86":{"start":{"line":87,"column":0},"end":{"line":87,"column":35}},"87":{"start":{"line":88,"column":0},"end":{"line":88,"column":42}},"88":{"start":{"line":89,"column":0},"end":{"line":89,"column":38}},"89":{"start":{"line":90,"column":0},"end":{"line":90,"column":48}},"90":{"start":{"line":91,"column":0},"end":{"line":91,"column":35}},"91":{"start":{"line":92,"column":0},"end":{"line":92,"column":37}},"92":{"start":{"line":93,"column":0},"end":{"line":93,"column":21}},"93":{"start":{"line":94,"column":0},"end":{"line":94,"column":54}},"94":{"start":{"line":95,"column":0},"end":{"line":95,"column":41}},"95":{"start":{"line":96,"column":0},"end":{"line":96,"column":23}},"96":{"start":{"line":97,"column":0},"end":{"line":97,"column":84}},"98":{"start":{"line":99,"column":0},"end":{"line":99,"column":31}},"99":{"start":{"line":100,"column":0},"end":{"line":100,"column":42}},"100":{"start":{"line":101,"column":0},"end":{"line":101,"column":55}},"101":{"start":{"line":102,"column":0},"end":{"line":102,"column":40}},"102":{"start":{"line":103,"column":0},"end":{"line":103,"column":36}},"103":{"start":{"line":104,"column":0},"end":{"line":104,"column":49}},"104":{"start":{"line":105,"column":0},"end":{"line":105,"column":23}},"106":{"start":{"line":107,"column":0},"end":{"line":107,"column":33}},"107":{"start":{"line":108,"column":0},"end":{"line":108,"column":67}},"108":{"start":{"line":109,"column":0},"end":{"line":109,"column":38}},"109":{"start":{"line":110,"column":0},"end":{"line":110,"column":38}},"110":{"start":{"line":111,"column":0},"end":{"line":111,"column":39}},"111":{"start":{"line":112,"column":0},"end":{"line":112,"column":59}},"112":{"start":{"line":113,"column":0},"end":{"line":113,"column":23}},"113":{"start":{"line":114,"column":0},"end":{"line":114,"column":17}},"114":{"start":{"line":115,"column":0},"end":{"line":115,"column":13}},"115":{"start":{"line":116,"column":0},"end":{"line":116,"column":11}},"116":{"start":{"line":117,"column":0},"end":{"line":117,"column":11}},"118":{"start":{"line":119,"column":0},"end":{"line":119,"column":63}},"119":{"start":{"line":120,"column":0},"end":{"line":120,"column":2}}},"s":{"0":1,"1":1,"3":1,"5":1,"6":21,"7":21,"9":21,"10":9,"11":9,"12":9,"13":9,"14":8,"15":8,"16":9,"17":1,"18":1,"19":1,"20":1,"21":1,"22":1,"23":9,"24":9,"25":9,"26":9,"28":9,"29":21,"31":21,"32":2,"33":2,"34":2,"35":2,"36":2,"37":2,"38":2,"39":2,"40":2,"41":2,"42":2,"43":2,"44":1,"45":1,"47":1,"48":1,"49":1,"50":1,"51":1,"52":1,"54":1,"55":1,"56":1,"57":1,"58":1,"59":1,"60":1,"61":1,"62":21,"64":21,"65":2,"66":2,"67":2,"68":2,"69":2,"70":2,"71":2,"72":2,"73":1,"74":1,"76":1,"77":1,"78":1,"79":21,"81":21,"82":3,"83":3,"84":3,"85":3,"86":3,"87":3,"88":3,"89":3,"90":3,"91":3,"92":2,"93":2,"94":2,"95":2,"96":1,"98":1,"99":1,"100":1,"101":1,"102":1,"103":1,"104":1,"106":1,"107":1,"108":1,"109":1,"110":1,"111":1,"112":1,"113":1,"114":2,"115":3,"116":21,"118":21,"119":21},"branchMap":{"0":{"type":"branch","line":6,"loc":{"start":{"line":6,"column":27},"end":{"line":120,"column":2}},"locations":[{"start":{"line":6,"column":27},"end":{"line":120,"column":2}}]},"1":{"type":"branch","line":10,"loc":{"start":{"line":10,"column":14},"end":{"line":30,"column":7}},"locations":[{"start":{"line":10,"column":14},"end":{"line":30,"column":7}}]},"2":{"type":"branch","line":11,"loc":{"start":{"line":11,"column":27},"end":{"line":27,"column":10}},"locations":[{"start":{"line":11,"column":27},"end":{"line":27,"column":10}}]},"3":{"type":"branch","line":14,"loc":{"start":{"line":14,"column":68},"end":{"line":17,"column":14}},"locations":[{"start":{"line":14,"column":68},"end":{"line":17,"column":14}}]},"4":{"type":"branch","line":17,"loc":{"start":{"line":17,"column":14},"end":{"line":24,"column":22}},"locations":[{"start":{"line":17,"column":14},"end":{"line":24,"column":22}}]},"5":{"type":"branch","line":32,"loc":{"start":{"line":32,"column":32},"end":{"line":63,"column":7}},"locations":[{"start":{"line":32,"column":32},"end":{"line":63,"column":7}}]},"6":{"type":"branch","line":44,"loc":{"start":{"line":44,"column":12},"end":{"line":62,"column":9}},"locations":[{"start":{"line":44,"column":12},"end":{"line":62,"column":9}}]},"7":{"type":"branch","line":46,"loc":{"start":{"line":46,"column":21},"end":{"line":46,"column":59}},"locations":[{"start":{"line":46,"column":21},"end":{"line":46,"column":59}}]},"8":{"type":"branch","line":65,"loc":{"start":{"line":65,"column":35},"end":{"line":80,"column":7}},"locations":[{"start":{"line":65,"column":35},"end":{"line":80,"column":7}}]},"9":{"type":"branch","line":73,"loc":{"start":{"line":73,"column":12},"end":{"line":79,"column":9}},"locations":[{"start":{"line":73,"column":12},"end":{"line":79,"column":9}}]},"10":{"type":"branch","line":74,"loc":{"start":{"line":74,"column":21},"end":{"line":75,"column":92}},"locations":[{"start":{"line":74,"column":21},"end":{"line":75,"column":92}}]},"11":{"type":"branch","line":75,"loc":{"start":{"line":75,"column":30},"end":{"line":75,"column":92}},"locations":[{"start":{"line":75,"column":30},"end":{"line":75,"column":92}}]},"12":{"type":"branch","line":75,"loc":{"start":{"line":75,"column":51},"end":{"line":75,"column":86}},"locations":[{"start":{"line":75,"column":51},"end":{"line":75,"column":86}}]},"13":{"type":"branch","line":75,"loc":{"start":{"line":75,"column":82},"end":{"line":75,"column":92}},"locations":[{"start":{"line":75,"column":82},"end":{"line":75,"column":92}}]},"14":{"type":"branch","line":82,"loc":{"start":{"line":82,"column":35},"end":{"line":117,"column":7}},"locations":[{"start":{"line":82,"column":35},"end":{"line":117,"column":7}}]},"15":{"type":"branch","line":91,"loc":{"start":{"line":91,"column":16},"end":{"line":116,"column":11}},"locations":[{"start":{"line":91,"column":16},"end":{"line":116,"column":11}}]},"16":{"type":"branch","line":92,"loc":{"start":{"line":92,"column":36},"end":{"line":115,"column":13}},"locations":[{"start":{"line":92,"column":36},"end":{"line":115,"column":13}}]},"17":{"type":"branch","line":96,"loc":{"start":{"line":96,"column":20},"end":{"line":114,"column":17}},"locations":[{"start":{"line":96,"column":20},"end":{"line":114,"column":17}}]},"18":{"type":"branch","line":97,"loc":{"start":{"line":97,"column":29},"end":{"line":97,"column":84}},"locations":[{"start":{"line":97,"column":29},"end":{"line":97,"column":84}}]},"19":{"type":"branch","line":97,"loc":{"start":{"line":97,"column":59},"end":{"line":97,"column":84}},"locations":[{"start":{"line":97,"column":59},"end":{"line":97,"column":84}}]}},"b":{"0":[21],"1":[9],"2":[9],"3":[8],"4":[1],"5":[2],"6":[1],"7":[1],"8":[2],"9":[1],"10":[1],"11":[2],"12":[1],"13":[1],"14":[3],"15":[3],"16":[2],"17":[1],"18":[1],"19":[2]},"fnMap":{"0":{"name":"useTodosApi","decl":{"start":{"line":6,"column":27},"end":{"line":120,"column":2}},"loc":{"start":{"line":6,"column":27},"end":{"line":120,"column":2}},"line":6},"1":{"name":"fetchTodos","decl":{"start":{"line":11,"column":27},"end":{"line":27,"column":10}},"loc":{"start":{"line":11,"column":27},"end":{"line":27,"column":10}},"line":11}},"f":{"0":21,"1":9}}
}
